{
  "stats": {
    "suites": 1,
    "tests": 1,
    "passes": 1,
    "pending": 0,
    "failures": 0,
    "start": "2020-12-30T17:22:39.064Z",
    "end": "2020-12-30T17:22:44.133Z",
    "duration": 5069,
    "testsRegistered": 1,
    "passPercent": 100,
    "pendingPercent": 0,
    "other": 0,
    "hasOther": false,
    "skipped": 0,
    "hasSkipped": false
  },
  "results": [
    {
      "uuid": "72fd43ae-c852-46e5-bdce-77afcfe767ae",
      "title": "",
      "fullFile": "cypress\\integration\\QAM\\basics.spec.js",
      "file": "cypress\\integration\\QAM\\basics.spec.js",
      "beforeHooks": [],
      "afterHooks": [],
      "tests": [],
      "suites": [
        {
          "uuid": "d84529e2-10af-4eda-8354-0ff416e25bca",
          "title": "Login",
          "fullFile": "",
          "file": "",
          "beforeHooks": [],
          "afterHooks": [],
          "tests": [
            {
              "title": "Sign in",
              "fullTitle": "Login Sign in",
              "timedOut": null,
              "duration": 5034,
              "state": "passed",
              "speed": "slow",
              "pass": true,
              "fail": false,
              "pending": false,
              "context": null,
              "code": "cy.visit('https://react-redux.realworld.io/#/login');\ncy.get('input[type=\"email\"]').type('jayash32@gmail.com');\ncy.get('input[type=\"password\"]').type('jayash32');\ncy.get('.btn').contains('Sign in').should('be.visible').click();",
              "err": {},
              "uuid": "bf2b352d-4165-404b-ba7d-1ec550e87e7c",
              "parentUUID": "d84529e2-10af-4eda-8354-0ff416e25bca",
              "isHook": false,
              "skipped": false
            }
          ],
          "suites": [],
          "passes": [
            "bf2b352d-4165-404b-ba7d-1ec550e87e7c"
          ],
          "failures": [],
          "pending": [],
          "skipped": [],
          "duration": 5034,
          "root": false,
          "rootEmpty": false,
          "_timeout": 2000
        }
      ],
      "passes": [],
      "failures": [],
      "pending": [],
      "skipped": [],
      "duration": 0,
      "root": true,
      "rootEmpty": true,
      "_timeout": 2000
    }
  ],
  "meta": {
    "mocha": {
      "version": "7.2.0"
    },
    "mochawesome": {
      "options": {
        "quiet": false,
        "reportFilename": "mochawesome",
        "saveHtml": false,
        "saveJson": true,
        "consoleReporter": "spec",
        "useInlineDiffs": false,
        "code": true
      },
      "version": "6.2.1"
    },
    "marge": {
      "options": {
        "id": "default",
        "reportDir": "cypress/reports/mocha",
        "quite": true,
        "overwrite": false,
        "html": false,
        "json": true
      },
      "version": "5.1.0"
    }
  }
}